<?xml version="1.0" encoding="UTF-8"?>
<!-- Generated by org.testng.reporters.JUnitXMLReporter -->
<testsuite ignored="0" hostname="LAPTOP-VR62MACH" failures="0" tests="3" name="Users" time="0.056" errors="0" timestamp="2022-11-10T10:01:24 IST">
  <testcase classname="com.sgtesting.tests.testcases.Users" name="createUser" time="0.005"/>
  <testcase classname="com.sgtesting.tests.testcases.Users" name="deleteUser" time="0.002"/>
  <testcase classname="com.sgtesting.tests.testcases.Users" name="modifyUser" time="0.001"/>
</testsuite> <!-- Users -->
